<?xml version="1.0" encoding="UTF-8"?>
<!-- Generated by org.testng.reporters.JUnitReportReporter -->
<testsuite hostname="vicky" failures="0" tests="2" name="Test_Learning.TestDriver" time="13.783" errors="0" timestamp="2025-05-05T09:54:48 IST" skipped="0">
  <testcase classname="Test_Learning.TestDriver" name="OpenAmazon" time="7.320"/>
  <testcase classname="Test_Learning.TestDriver" name="OpenFlipkart" time="6.463"/>
</testsuite> <!-- Test_Learning.TestDriver -->
