<?xml version="1.0" encoding="UTF-8"?>
<!-- Generated by org.testng.reporters.JUnitReportReporter -->
<testsuite hostname="DESKTOP-FV22339" failures="0" tests="2" name="Test_Learning.TestDriver" time="18.370" errors="0" timestamp="2025-04-28T00:28:24 IST" skipped="0">
  <testcase classname="Test_Learning.TestDriver" name="OpenAmazon" time="7.480"/>
  <testcase classname="Test_Learning.TestDriver" name="OpenFlipkart" time="10.890"/>
</testsuite> <!-- Test_Learning.TestDriver -->
